*** Starting uWSGI 2.0.15 (64bit) on [Sat Nov 25 17:14:32 2017] ***
compiled with version: 4.2.1 Compatible Apple LLVM 8.0.0 (clang-800.0.42.1) on 30 October 2017 06:31:19
os: Darwin-15.6.0 Darwin Kernel Version 15.6.0: Mon Jan  9 23:07:29 PST 2017; root:xnu-3248.60.11.2.1~1/RELEASE_X86_64
nodename: smartli.local
machine: x86_64
clock source: unix
detected number of CPU cores: 8
current working directory: /Users/smart/Desktop/dj/bj18/dailyfresh
writing pidfile to uwsgi2.pid
detected binary path: /Users/smart/.virtualenvs/dailyfresh/bin/uwsgi
!!! no internal routing support, rebuild with pcre support !!!
chdir() to /Users/smart/Desktop/dj/bj18/dailyfresh
your processes number limit is 709
your memory page size is 4096 bytes
detected max file descriptor number: 10240
lock engine: OSX spinlocks
thunder lock: disabled (you can enable it with --thunder-lock)
uwsgi socket 0 bound to TCP address 127.0.0.1:8081 fd 3
Python version: 3.5.2 (default, Oct 21 2017, 11:45:19)  [GCC 4.2.1 Compatible Apple LLVM 8.0.0 (clang-800.0.42.1)]
Set PythonHome to /Users/smart/.virtualenvs/dailyfresh
Python main interpreter initialized at 0x7fa6e20006a0
python threads support enabled
your server socket listen backlog is limited to 100 connections
your mercy for graceful operations on workers is 60 seconds
mapped 415200 bytes (405 KB) for 8 cores
*** Operational MODE: preforking+threaded ***
WSGI app 0 (mountpoint='') ready in 0 seconds on interpreter 0x7fa6e20006a0 pid: 8115 (default app)
*** uWSGI is running in multiple interpreter mode ***
spawned uWSGI master process (pid: 8115)
spawned uWSGI worker 1 (pid: 8116, cores: 2)
spawned uWSGI worker 2 (pid: 8117, cores: 2)
spawned uWSGI worker 3 (pid: 8118, cores: 2)
spawned uWSGI worker 4 (pid: 8119, cores: 2)
[pid: 8117|app: 0|req: 1/1] 127.0.0.1 () {42 vars in 819 bytes} [Sat Nov 25 17:19:02 2017] GET /goods/8 => generated 9326 bytes in 479 msecs (HTTP/1.1 200) 4 headers in 224 bytes (1 switches on core 0)
[pid: 8118|app: 0|req: 1/2] 127.0.0.1 () {42 vars in 819 bytes} [Sat Nov 25 17:19:16 2017] GET /goods/8 => generated 9326 bytes in 375 msecs (HTTP/1.1 200) 4 headers in 224 bytes (1 switches on core 1)
[pid: 8119|app: 0|req: 1/3] 127.0.0.1 () {48 vars in 919 bytes} [Sat Nov 25 18:27:44 2017] POST /cart/add => generated 67 bytes in 408 msecs (HTTP/1.1 200) 3 headers in 94 bytes (2 switches on core 0)
*** Starting uWSGI 2.0.18 (64bit) on [Tue Sep 24 11:13:58 2019] ***
compiled with version: 5.4.0 20160609 on 23 September 2019 04:28:32
os: Linux-4.4.0-21-generic #37-Ubuntu SMP Mon Apr 18 18:33:37 UTC 2016
nodename: huangwei-K45VD
machine: x86_64
clock source: unix
pcre jit disabled
detected number of CPU cores: 4
current working directory: /home/huangwei/project/dailyfresh
writing pidfile to uwsgi2.pid
detected binary path: /home/huangwei/.virtualenvs/py3_django/bin/uwsgi
chdir() to /home/huangwei/project/dailyfresh
your processes number limit is 15167
your memory page size is 4096 bytes
detected max file descriptor number: 1048576
lock engine: pthread robust mutexes
thunder lock: disabled (you can enable it with --thunder-lock)
uwsgi socket 0 bound to TCP address 127.0.0.1:8081 fd 3
Python version: 3.5.2 (default, Jul 10 2019, 11:58:48)  [GCC 5.4.0 20160609]
Set PythonHome to /home/huangwei/.virtualenvs/py3_django
Python main interpreter initialized at 0xeb4d50
python threads support enabled
your server socket listen backlog is limited to 100 connections
your mercy for graceful operations on workers is 60 seconds
mapped 416720 bytes (406 KB) for 8 cores
*** Operational MODE: preforking+threaded ***
WSGI app 0 (mountpoint='') ready in 1 seconds on interpreter 0xeb4d50 pid: 29048 (default app)
*** uWSGI is running in multiple interpreter mode ***
spawned uWSGI master process (pid: 29048)
spawned uWSGI worker 1 (pid: 29050, cores: 2)
spawned uWSGI worker 2 (pid: 29051, cores: 2)
spawned uWSGI worker 3 (pid: 29053, cores: 2)
spawned uWSGI worker 4 (pid: 29055, cores: 2)
[pid: 29051|app: 0|req: 1/1] 192.168.0.102 () {42 vars in 852 bytes} [Tue Sep 24 11:15:57 2019] GET /index => generated 14216 bytes in 760 msecs (HTTP/1.1 200) 4 headers in 125 bytes (1 switches on core 0)
[pid: 29055|app: 0|req: 1/2] 192.168.0.102 () {42 vars in 867 bytes} [Tue Sep 24 11:16:15 2019] GET /goods/9 => generated 9667 bytes in 537 msecs (HTTP/1.1 200) 5 headers in 278 bytes (1 switches on core 0)
[pid: 29055|app: 0|req: 2/3] 192.168.0.102 () {42 vars in 869 bytes} [Tue Sep 24 11:16:53 2019] GET /goods/12 => generated 9788 bytes in 241 msecs (HTTP/1.1 200) 5 headers in 278 bytes (1 switches on core 1)
[pid: 29055|app: 0|req: 3/4] 192.168.0.102 () {42 vars in 869 bytes} [Tue Sep 24 11:17:42 2019] GET /goods/11 => generated 9809 bytes in 192 msecs (HTTP/1.1 200) 5 headers in 278 bytes (1 switches on core 0)
[pid: 29051|app: 0|req: 2/5] 192.168.0.102 () {42 vars in 866 bytes} [Tue Sep 24 11:18:22 2019] GET /user/ => generated 5230 bytes in 99 msecs (HTTP/1.1 200) 4 headers in 124 bytes (1 switches on core 1)
[pid: 29053|app: 0|req: 1/6] 192.168.0.102 () {48 vars in 943 bytes} [Tue Sep 24 11:18:39 2019] POST /cart/add => generated 67 bytes in 431 msecs (HTTP/1.1 200) 4 headers in 114 bytes (1 switches on core 1)
SIGINT/SIGQUIT received...killing workers...
worker 1 buried after 1 seconds
worker 2 buried after 1 seconds
worker 3 buried after 1 seconds
worker 4 buried after 1 seconds
goodbye to uWSGI.
